<?xml version="1.0" encoding="UTF-8"?>
<testsuite xmlns:xsi="http://www.w3.org/2001/XMLSchema-instance" xsi:noNamespaceSchemaLocation="https://maven.apache.org/surefire/maven-surefire-plugin/xsd/surefire-test-report.xsd" version="3.0.1" name="TestSuite" time="13.063" tests="4" errors="0" skipped="0" failures="0">
  <properties>
[...]
</properties>
  <testcase name="testBrowserNavigation" classname="oneShopUI.tests.BrowserNavigationTests" time="2.127">
    <system-out><![CDATA[10:56:16.327 [main] DEBUG org.testng.TestNG - suiteXmlPath: "/Users/tim/IdeaProjects/OneShopUIPlaywright-java/test-suites/testng.xml"
10:56:16.533 [pool-2-thread-1] DEBUG oneShopUI.browsers.PropertiesReader - Fetching translations for key: prod-plrb-test
10:56:16.534 [pool-2-thread-2] DEBUG oneShopUI.browsers.PropertiesReader - Fetching translations for key: prod-mk-test
10:56:16.534 [pool-2-thread-3] DEBUG oneShopUI.browsers.PropertiesReader - Fetching translations for key: prod-de-test
10:56:16.534 [pool-2-thread-5] DEBUG oneShopUI.browsers.PropertiesReader - Fetching translations for key: prod-plh-test
10:56:16.534 [pool-2-thread-4] DEBUG oneShopUI.browsers.PropertiesReader - Fetching translations for key: prod-cz-test
10:56:16.534 [pool-2-thread-6] DEBUG oneShopUI.browsers.PropertiesReader - Fetching translations for key: prod-pl-test
10:56:16.534 [pool-2-thread-7] DEBUG oneShopUI.browsers.PropertiesReader - Fetching translations for key: prod-sk-test
10:56:16.534 [pool-2-thread-8] DEBUG oneShopUI.browsers.PropertiesReader - Fetching translations for key: stagev3
10:56:16.534 [pool-2-thread-9] DEBUG oneShopUI.browsers.PropertiesReader - Fetching translations for key: stagev3-tdg
10:56:16.535 [pool-2-thread-10] DEBUG oneShopUI.browsers.PropertiesReader - Fetching translations for key: stagev2
10:56:17.643 [pool-2-thread-7] DEBUG oneShopUI.browsers.PropertiesReader - Error: Received status code 404 for /eshopcdn/ONmYZUYiGdfBtYy4l1ejqUHZg2VwIpwN/sk/web-strings.json
10:56:17.643 [pool-2-thread-1] DEBUG oneShopUI.browsers.PropertiesReader - Error: Received status code 404 for /eshopcdn/ONmYZUYiGdfBtYy4l1ejqUHZg2VwIpwN/plrb/web-strings.json
10:56:17.643 [pool-2-thread-5] DEBUG oneShopUI.browsers.PropertiesReader - Error: Received status code 404 for /eshopcdn/ONmYZUYiGdfBtYy4l1ejqUHZg2VwIpwN/en_pl/web-strings.json
10:56:17.643 [pool-2-thread-2] DEBUG oneShopUI.browsers.PropertiesReader - Error: Received status code 404 for /eshopcdn/ONmYZUYiGdfBtYy4l1ejqUHZg2VwIpwN/mk/web-strings.json
10:56:17.644 [pool-2-thread-6] DEBUG oneShopUI.browsers.PropertiesReader - Error: Received status code 404 for /eshopcdn/ONmYZUYiGdfBtYy4l1ejqUHZg2VwIpwN/pl/web-strings.json
10:56:17.644 [pool-2-thread-3] DEBUG oneShopUI.browsers.PropertiesReader - Error: Received status code 404 for /eshopcdn/ONmYZUYiGdfBtYy4l1ejqUHZg2VwIpwN/de/web-strings.json
10:56:17.644 [pool-2-thread-4] DEBUG oneShopUI.browsers.PropertiesReader - Error: Received status code 404 for /eshopcdn/ONmYZUYiGdfBtYy4l1ejqUHZg2VwIpwN/cs/web-strings.json
10:56:17.650 [pool-2-thread-3] DEBUG oneShopUI.browsers.PropertiesReader - Response body: <html>
<head><title>404 Not Found</title></head>
<body>
<center><h1>404 Not Found</h1></center>
<hr><center>nginx</center>
</body>
</html>

10:56:17.650 [pool-2-thread-2] DEBUG oneShopUI.browsers.PropertiesReader - Response body: <html>
<head><title>404 Not Found</title></head>
<body>
<center><h1>404 Not Found</h1></center>
<hr><center>nginx</center>
</body>
</html>

10:56:17.650 [pool-2-thread-4] DEBUG oneShopUI.browsers.PropertiesReader - Response body: <html>
<head><title>404 Not Found</title></head>
<body>
<center><h1>404 Not Found</h1></center>
<hr><center>nginx</center>
</body>
</html>

10:56:17.650 [pool-2-thread-6] DEBUG oneShopUI.browsers.PropertiesReader - Response body: <html>
<head><title>404 Not Found</title></head>
<body>
<center><h1>404 Not Found</h1></center>
<hr><center>nginx</center>
</body>
</html>

10:56:17.650 [pool-2-thread-7] DEBUG oneShopUI.browsers.PropertiesReader - Response body: <html>
<head><title>404 Not Found</title></head>
<body>
<center><h1>404 Not Found</h1></center>
<hr><center>nginx</center>
</body>
</html>

10:56:17.650 [pool-2-thread-5] DEBUG oneShopUI.browsers.PropertiesReader - Response body: <html>
<head><title>404 Not Found</title></head>
<body>
<center><h1>404 Not Found</h1></center>
<hr><center>nginx</center>
</body>
</html>

10:56:17.650 [pool-2-thread-1] DEBUG oneShopUI.browsers.PropertiesReader - Response body: <html>
<head><title>404 Not Found</title></head>
<body>
<center><h1>404 Not Found</h1></center>
<hr><center>nginx</center>
</body>
</html>

10:56:17.651 [pool-2-thread-3] DEBUG oneShopUI.browsers.PropertiesReader - Error processing key: prod-de-test
10:56:17.651 [pool-2-thread-4] DEBUG oneShopUI.browsers.PropertiesReader - Error processing key: prod-cz-test
10:56:17.651 [pool-2-thread-6] DEBUG oneShopUI.browsers.PropertiesReader - Error processing key: prod-pl-test
10:56:17.651 [pool-2-thread-2] DEBUG oneShopUI.browsers.PropertiesReader - Error processing key: prod-mk-test
10:56:17.651 [pool-2-thread-7] DEBUG oneShopUI.browsers.PropertiesReader - Error processing key: prod-sk-test
10:56:17.651 [pool-2-thread-1] DEBUG oneShopUI.browsers.PropertiesReader - Error processing key: prod-plrb-test
10:56:17.651 [pool-2-thread-5] DEBUG oneShopUI.browsers.PropertiesReader - Error processing key: prod-plh-test
10:56:17.652 [pool-2-thread-2] DEBUG oneShopUI.browsers.PropertiesReader - Fetching translations for key: stage
10:56:17.652 [pool-2-thread-5] DEBUG oneShopUI.browsers.PropertiesReader - Fetching translations for key: b2b-stage
10:56:17.652 [pool-2-thread-1] DEBUG oneShopUI.browsers.PropertiesReader - Fetching translations for key: b2b-stagev3
10:56:17.652 [pool-2-thread-7] DEBUG oneShopUI.browsers.PropertiesReader - Fetching translations for key: stagev4
10:56:17.653 [pool-2-thread-6] DEBUG oneShopUI.browsers.PropertiesReader - Fetching translations for key: stagev5
10:56:17.653 [pool-2-thread-4] DEBUG oneShopUI.browsers.PropertiesReader - Fetching translations for key: dev
10:56:17.653 [pool-2-thread-3] DEBUG oneShopUI.browsers.PropertiesReader - Fetching translations for key: dev2
10:56:17.831 [pool-2-thread-8] DEBUG oneShopUI.browsers.PropertiesReader - Fetching translations for key: preprod-cz
10:56:17.832 [pool-2-thread-10] DEBUG oneShopUI.browsers.PropertiesReader - Fetching translations for key: preprod-hr
10:56:17.832 [pool-2-thread-9] DEBUG oneShopUI.browsers.PropertiesReader - Fetching translations for key: preprod-plh
10:56:18.032 [pool-2-thread-4] DEBUG oneShopUI.browsers.PropertiesReader - Fetching translations for key: preprod-pl
10:56:18.032 [pool-2-thread-3] DEBUG oneShopUI.browsers.PropertiesReader - Fetching translations for key: preprod-plrb
10:56:18.048 [pool-2-thread-7] DEBUG oneShopUI.browsers.PropertiesReader - Fetching translations for key: preprod-sk
10:56:18.048 [pool-2-thread-5] DEBUG oneShopUI.browsers.PropertiesReader - Fetching translations for key: preprod-mk
10:56:18.051 [pool-2-thread-2] DEBUG oneShopUI.browsers.PropertiesReader - Fetching translations for key: prod-cz
10:56:18.053 [pool-2-thread-1] DEBUG oneShopUI.browsers.PropertiesReader - Fetching translations for key: prod-plh
10:56:18.055 [pool-2-thread-6] DEBUG oneShopUI.browsers.PropertiesReader - Fetching translations for key: b2b_prod-plh
10:56:18.236 [pool-2-thread-10] DEBUG oneShopUI.browsers.PropertiesReader - Fetching translations for key: prod-pl
10:56:18.270 [pool-2-thread-9] DEBUG oneShopUI.browsers.PropertiesReader - Fetching translations for key: prod-plrb
10:56:18.285 [pool-2-thread-8] DEBUG oneShopUI.browsers.PropertiesReader - Fetching translations for key: prod-sk
10:56:18.406 [pool-2-thread-1] DEBUG oneShopUI.browsers.PropertiesReader - Fetching translations for key: b2b_prod-cz
10:56:18.408 [pool-2-thread-3] DEBUG oneShopUI.browsers.PropertiesReader - Fetching translations for key: b2b_prod-sk
10:56:18.428 [pool-2-thread-4] DEBUG oneShopUI.browsers.PropertiesReader - Fetching translations for key: prod-sk-v2
10:56:18.433 [pool-2-thread-2] DEBUG oneShopUI.browsers.PropertiesReader - Fetching translations for key: prod-mk
10:56:18.433 [pool-2-thread-6] DEBUG oneShopUI.browsers.PropertiesReader - Fetching translations for key: prod-hr
10:56:18.443 [pool-2-thread-5] DEBUG oneShopUI.browsers.PropertiesReader - Fetching translations for key: prod-de
10:56:18.565 [pool-2-thread-10] DEBUG oneShopUI.browsers.PropertiesReader - Fetching translations for key: uat-cz
10:56:18.627 [pool-2-thread-9] DEBUG oneShopUI.browsers.PropertiesReader - Fetching translations for key: uat-pl
10:56:18.643 [pool-2-thread-8] DEBUG oneShopUI.browsers.PropertiesReader - Fetching translations for key: uat-sk
10:56:18.776 [pool-2-thread-1] DEBUG oneShopUI.browsers.PropertiesReader - Fetching translations for key: uat-plh
10:56:18.779 [pool-2-thread-2] DEBUG oneShopUI.browsers.PropertiesReader - Fetching translations for key: uat-mk
10:56:18.794 [pool-2-thread-5] DEBUG oneShopUI.browsers.PropertiesReader - Fetching translations for key: uat2-sk
10:56:18.796 [pool-2-thread-3] DEBUG oneShopUI.browsers.PropertiesReader - Fetching translations for key: uat2-cz
10:56:18.831 [pool-2-thread-4] DEBUG oneShopUI.browsers.PropertiesReader - Fetching translations for key: uat2-mk
10:56:18.833 [pool-2-thread-7] DEBUG oneShopUI.browsers.PropertiesReader - Fetching translations for key: uat-de
10:56:18.988 [pool-2-thread-8] DEBUG oneShopUI.browsers.PropertiesReader - Fetching translations for key: prod-de-seo
10:56:18.988 [pool-2-thread-10] DEBUG oneShopUI.browsers.PropertiesReader - Fetching translations for key: uat2-de
10:56:19.369 [main] DEBUG oneShopUI.browsers.PropertiesReader - Translations already set, skipping setMapOfTranslation.
10:56:19.414 [main] DEBUG oneShopUI.browsers.PropertiesReader - Translations already set, skipping setMapOfTranslation.
10:56:19.421 [main] DEBUG oneShopUI.browsers.PropertiesReader - Translations already set, skipping setMapOfTranslation.
10:56:19.434 [main] DEBUG oneShopUI.browsers.PropertiesReader - Translations already set, skipping setMapOfTranslation.
10:56:19.441 [main] DEBUG oneShopUI.browsers.PropertiesReader - Translations already set, skipping setMapOfTranslation.
10:56:19.454 [main] DEBUG oneShopUI.browsers.PropertiesReader - Translations already set, skipping setMapOfTranslation.
10:56:19.460 [main] DEBUG oneShopUI.browsers.PropertiesReader - Translations already set, skipping setMapOfTranslation.
10:56:24.362 [TestNG-tests-1] ERROR io.qameta.allure.AllureLifecycle - Could not update test fixture: test fixture with uuid e3169e61-b4d7-4e5d-9e36-c4eb299e43de not found
10:56:24.362 [TestNG-tests-1] ERROR io.qameta.allure.AllureLifecycle - Could not stop test fixture: test fixture with uuid e3169e61-b4d7-4e5d-9e36-c4eb299e43de not found
10:56:24.362 [TestNG-tests-2] ERROR io.qameta.allure.AllureLifecycle - Could not update test fixture: test fixture with uuid 0e85ef5e-96a2-4d3f-8eda-e58307c41d4e not found
10:56:24.375 [TestNG-tests-2] ERROR io.qameta.allure.AllureLifecycle - Could not stop test fixture: test fixture with uuid 0e85ef5e-96a2-4d3f-8eda-e58307c41d4e not found
10:56:24.386 [TestNG-tests-4] ERROR io.qameta.allure.AllureLifecycle - Could not update test fixture: test fixture with uuid 0e40e84d-9e71-403a-8ed9-a81be506c79c not found
10:56:24.386 [TestNG-tests-4] ERROR io.qameta.allure.AllureLifecycle - Could not stop test fixture: test fixture with uuid 0e40e84d-9e71-403a-8ed9-a81be506c79c not found
10:56:24.387 [TestNG-tests-3] ERROR io.qameta.allure.AllureLifecycle - Could not update test fixture: test fixture with uuid a4dca26f-8375-44c3-9db2-b42c84f3f0b8 not found
10:56:24.387 [TestNG-tests-3] ERROR io.qameta.allure.AllureLifecycle - Could not stop test fixture: test fixture with uuid a4dca26f-8375-44c3-9db2-b42c84f3f0b8 not found
]]></system-out>
    <system-err><![CDATA[java.lang.RuntimeException: Failed to fetch translations: status code 404
	at oneShopUI.browsers.PropertiesReader.setTranslationJsonMap(PropertiesReader.java:144)
	at oneShopUI.browsers.PropertiesReader.lambda$setMapOfTranslation$0(PropertiesReader.java:165)
	at java.base/java.util.concurrent.CompletableFuture$AsyncRun.run(CompletableFuture.java:1804)
	at java.base/java.util.concurrent.ThreadPoolExecutor.runWorker(ThreadPoolExecutor.java:1136)
	at java.base/java.util.concurrent.ThreadPoolExecutor$Worker.run(ThreadPoolExecutor.java:635)
	at java.base/java.lang.Thread.run(Thread.java:840)
java.lang.RuntimeException: Failed to fetch translations: status code 404
	at oneShopUI.browsers.PropertiesReader.setTranslationJsonMap(PropertiesReader.java:144)
	at oneShopUI.browsers.PropertiesReader.lambda$setMapOfTranslation$0(PropertiesReader.java:165)
	at java.base/java.util.concurrent.CompletableFuture$AsyncRun.run(CompletableFuture.java:1804)
	at java.base/java.util.concurrent.ThreadPoolExecutor.runWorker(ThreadPoolExecutor.java:1136)
	at java.base/java.util.concurrent.ThreadPoolExecutor$Worker.run(ThreadPoolExecutor.java:635)
	at java.base/java.lang.Thread.run(Thread.java:840)
java.lang.RuntimeException: Failed to fetch translations: status code 404
	at oneShopUI.browsers.PropertiesReader.setTranslationJsonMap(PropertiesReader.java:144)
	at oneShopUI.browsers.PropertiesReader.lambda$setMapOfTranslation$0(PropertiesReader.java:165)
	at java.base/java.util.concurrent.CompletableFuture$AsyncRun.run(CompletableFuture.java:1804)
	at java.base/java.util.concurrent.ThreadPoolExecutor.runWorker(ThreadPoolExecutor.java:1136)
	at java.base/java.util.concurrent.ThreadPoolExecutor$Worker.run(ThreadPoolExecutor.java:635)
	at java.base/java.lang.Thread.run(Thread.java:840)
java.lang.RuntimeException: Failed to fetch translations: status code 404
	at oneShopUI.browsers.PropertiesReader.setTranslationJsonMap(PropertiesReader.java:144)
	at oneShopUI.browsers.PropertiesReader.lambda$setMapOfTranslation$0(PropertiesReader.java:165)
	at java.base/java.util.concurrent.CompletableFuture$AsyncRun.run(CompletableFuture.java:1804)
	at java.base/java.util.concurrent.ThreadPoolExecutor.runWorker(ThreadPoolExecutor.java:1136)
	at java.base/java.util.concurrent.ThreadPoolExecutor$Worker.run(ThreadPoolExecutor.java:635)
	at java.base/java.lang.Thread.run(Thread.java:840)
java.lang.RuntimeException: Failed to fetch translations: status code 404
	at oneShopUI.browsers.PropertiesReader.setTranslationJsonMap(PropertiesReader.java:144)
	at oneShopUI.browsers.PropertiesReader.lambda$setMapOfTranslation$0(PropertiesReader.java:165)
	at java.base/java.util.concurrent.CompletableFuture$AsyncRun.run(CompletableFuture.java:1804)
	at java.base/java.util.concurrent.ThreadPoolExecutor.runWorker(ThreadPoolExecutor.java:1136)
	at java.base/java.util.concurrent.ThreadPoolExecutor$Worker.run(ThreadPoolExecutor.java:635)
	at java.base/java.lang.Thread.run(Thread.java:840)
java.lang.RuntimeException: Failed to fetch translations: status code 404
	at oneShopUI.browsers.PropertiesReader.setTranslationJsonMap(PropertiesReader.java:144)
	at oneShopUI.browsers.PropertiesReader.lambda$setMapOfTranslation$0(PropertiesReader.java:165)
	at java.base/java.util.concurrent.CompletableFuture$AsyncRun.run(CompletableFuture.java:1804)
	at java.base/java.util.concurrent.ThreadPoolExecutor.runWorker(ThreadPoolExecutor.java:1136)
	at java.base/java.util.concurrent.ThreadPoolExecutor$Worker.run(ThreadPoolExecutor.java:635)
	at java.base/java.lang.Thread.run(Thread.java:840)
java.lang.RuntimeException: Failed to fetch translations: status code 404
	at oneShopUI.browsers.PropertiesReader.setTranslationJsonMap(PropertiesReader.java:144)
	at oneShopUI.browsers.PropertiesReader.lambda$setMapOfTranslation$0(PropertiesReader.java:165)
	at java.base/java.util.concurrent.CompletableFuture$AsyncRun.run(CompletableFuture.java:1804)
	at java.base/java.util.concurrent.ThreadPoolExecutor.runWorker(ThreadPoolExecutor.java:1136)
	at java.base/java.util.concurrent.ThreadPoolExecutor$Worker.run(ThreadPoolExecutor.java:635)
	at java.base/java.lang.Thread.run(Thread.java:840)
]]></system-err>
  </testcase>
  <testcase name="testBrowserNavigation" classname="oneShopUI.tests.BrowserNavigationTests" time="2.132"/>
  <testcase name="testBrowserNavigation" classname="oneShopUI.tests.BrowserNavigationTests" time="3.987">
    <system-out><![CDATA[10:56:27.310 [TestNG-tests-1] ERROR io.qameta.allure.AllureLifecycle - Could not update test fixture: test fixture with uuid 50bae5d2-380d-4c85-94e8-9a312288214a not found
10:56:27.310 [TestNG-tests-1] ERROR io.qameta.allure.AllureLifecycle - Could not stop test fixture: test fixture with uuid 50bae5d2-380d-4c85-94e8-9a312288214a not found
10:56:27.309 [TestNG-tests-4] ERROR io.qameta.allure.AllureLifecycle - Could not update test fixture: test fixture with uuid 11785bd2-e09a-4dc5-815b-e4042f234b0a not found
10:56:27.310 [TestNG-tests-4] ERROR io.qameta.allure.AllureLifecycle - Could not stop test fixture: test fixture with uuid 11785bd2-e09a-4dc5-815b-e4042f234b0a not found
]]></system-out>
  </testcase>
  <testcase name="testBrowserNavigation" classname="oneShopUI.tests.BrowserNavigationTests" time="4.623">
    <system-out><![CDATA[10:56:28.676 [TestNG-tests-3] ERROR io.qameta.allure.AllureLifecycle - Could not update test fixture: test fixture with uuid 2f38b3e5-d790-48d3-8fb5-75c1d8cb2eab not found
10:56:28.677 [TestNG-tests-3] ERROR io.qameta.allure.AllureLifecycle - Could not stop test fixture: test fixture with uuid 2f38b3e5-d790-48d3-8fb5-75c1d8cb2eab not found
]]></system-out>
  </testcase>
</testsuite>